# JRE version: OpenJDK Runtime Environment Microsoft-8035246 (17.0.8+7) (build 17.0.8+7-LTS)
# Java VM: OpenJDK 64-Bit Server VM Microsoft-8035246 (17.0.8+7-LTS, mixed mode, sharing, tiered, compressed oops, compressed class ptrs, g1 gc, windows-amd64)
GC Precious Log:
 CPUs: 8 total, 8 available
 Memory: 5877M
 Large Page Support: Disabled
 NUMA Support: Disabled
 Compressed Oops: Enabled (32-bit)
 Heap Region Size: 1M
 Heap Min Capacity: 8M
 Heap Initial Capacity: 92M
 Heap Max Capacity: 2G
 Pre-touch: Disabled
 Parallel Workers: 8
 Concurrent Workers: 2
 Concurrent Refinement Workers: 8
 Periodic GC: Disabled
Heap:
 garbage-first heap   total 325632K, used 219776K [0x0000000080000000, 0x0000000100000000)
  region size 1024K, 40 young (40960K), 8 survivors (8192K)
 Metaspace       used 104969K, committed 106112K, reserved 557056K
  class space    used 14513K, committed 15040K, reserved 425984K
GC Heap History (20 events):
Event: 30.991 GC heap before
{Heap before GC invocations=50 (full 0):
 garbage-first heap   total 162816K, used 129414K [0x0000000080000000, 0x0000000100000000)
  region size 1024K, 41 young (41984K), 3 survivors (3072K)
 Metaspace       used 81860K, committed 82560K, reserved 557056K
  class space    used 11359K, committed 11712K, reserved 425984K
}
Event: 30.997 GC heap after
{Heap after GC invocations=51 (full 0):
 garbage-first heap   total 162816K, used 92986K [0x0000000080000000, 0x0000000100000000)
  region size 1024K, 6 young (6144K), 6 survivors (6144K)
 Metaspace       used 81860K, committed 82560K, reserved 557056K
  class space    used 11359K, committed 11712K, reserved 425984K
}
Event: 31.018 GC heap before
{Heap before GC invocations=51 (full 0):
 garbage-first heap   total 162816K, used 94010K [0x0000000080000000, 0x0000000100000000)
  region size 1024K, 7 young (7168K), 6 survivors (6144K)
 Metaspace       used 81916K, committed 82624K, reserved 557056K
  class space    used 11372K, committed 11712K, reserved 425984K
}
Event: 31.022 GC heap after
{Heap after GC invocations=52 (full 0):
 garbage-first heap   total 162816K, used 93464K [0x0000000080000000, 0x0000000100000000)
  region size 1024K, 1 young (1024K), 1 survivors (1024K)
 Metaspace       used 81916K, committed 82624K, reserved 557056K
  class space    used 11372K, committed 11712K, reserved 425984K
}
Event: 31.650 GC heap before
{Heap before GC invocations=52 (full 0):
 garbage-first heap   total 162816K, used 132376K [0x0000000080000000, 0x0000000100000000)
  region size 1024K, 38 young (38912K), 1 survivors (1024K)
 Metaspace       used 84377K, committed 85120K, reserved 557056K
  class space    used 11786K, committed 12096K, reserved 425984K
}
Event: 31.654 GC heap after
{Heap after GC invocations=53 (full 0):
 garbage-first heap   total 325632K, used 93617K [0x0000000080000000, 0x0000000100000000)
  region size 1024K, 1 young (1024K), 1 survivors (1024K)
 Metaspace       used 84377K, committed 85120K, reserved 557056K
  class space    used 11786K, committed 12096K, reserved 425984K
}
Event: 4150.898 GC heap before
{Heap before GC invocations=53 (full 0):
 garbage-first heap   total 325632K, used 245169K [0x0000000080000000, 0x0000000100000000)
  region size 1024K, 145 young (148480K), 1 survivors (1024K)
 Metaspace       used 89889K, committed 90688K, reserved 557056K
  class space    used 12647K, committed 12992K, reserved 425984K
}
Event: 4150.918 GC heap after
{Heap after GC invocations=54 (full 0):
 garbage-first heap   total 325632K, used 110780K [0x0000000080000000, 0x0000000100000000)
  region size 1024K, 14 young (14336K), 14 survivors (14336K)
 Metaspace       used 89889K, committed 90688K, reserved 557056K
  class space    used 12647K, committed 12992K, reserved 425984K
}
Event: 4157.456 GC heap before
{Heap before GC invocations=54 (full 0):
 garbage-first heap   total 325632K, used 239804K [0x0000000080000000, 0x0000000100000000)
  region size 1024K, 138 young (141312K), 14 survivors (14336K)
 Metaspace       used 92882K, committed 93824K, reserved 557056K
  class space    used 13001K, committed 13440K, reserved 425984K
}
Event: 4157.594 GC heap after
{Heap after GC invocations=55 (full 0):
 garbage-first heap   total 325632K, used 133082K [0x0000000080000000, 0x0000000100000000)
  region size 1024K, 18 young (18432K), 18 survivors (18432K)
 Metaspace       used 92882K, committed 93824K, reserved 557056K
  class space    used 13001K, committed 13440K, reserved 425984K
}
Event: 4163.903 GC heap before
{Heap before GC invocations=55 (full 0):
 garbage-first heap   total 325632K, used 238554K [0x0000000080000000, 0x0000000100000000)
  region size 1024K, 121 young (123904K), 18 survivors (18432K)
 Metaspace       used 98913K, committed 99904K, reserved 557056K
  class space    used 13787K, committed 14272K, reserved 425984K
}
Event: 4163.962 GC heap after
{Heap after GC invocations=56 (full 0):
 garbage-first heap   total 325632K, used 141550K [0x0000000080000000, 0x0000000100000000)
  region size 1024K, 8 young (8192K), 8 survivors (8192K)
 Metaspace       used 98913K, committed 99904K, reserved 557056K
  class space    used 13787K, committed 14272K, reserved 425984K
}
Event: 4212.881 GC heap before
{Heap before GC invocations=56 (full 0):
 garbage-first heap   total 325632K, used 251118K [0x0000000080000000, 0x0000000100000000)
  region size 1024K, 115 young (117760K), 8 survivors (8192K)
 Metaspace       used 101457K, committed 102528K, reserved 557056K
  class space    used 14143K, committed 14656K, reserved 425984K
}
Event: 4212.905 GC heap after
{Heap after GC invocations=57 (full 0):
 garbage-first heap   total 325632K, used 149429K [0x0000000080000000, 0x0000000100000000)
  region size 1024K, 15 young (15360K), 15 survivors (15360K)
 Metaspace       used 101457K, committed 102528K, reserved 557056K
  class space    used 14143K, committed 14656K, reserved 425984K
}
Event: 4231.045 GC heap before
{Heap before GC invocations=57 (full 0):
 garbage-first heap   total 325632K, used 256949K [0x0000000080000000, 0x0000000100000000)
  region size 1024K, 120 young (122880K), 15 survivors (15360K)
 Metaspace       used 104044K, committed 105024K, reserved 557056K
  class space    used 14433K, committed 14912K, reserved 425984K
}
Event: 4231.085 GC heap after
{Heap after GC invocations=58 (full 0):
 garbage-first heap   total 325632K, used 165528K [0x0000000080000000, 0x0000000100000000)
  region size 1024K, 15 young (15360K), 15 survivors (15360K)
 Metaspace       used 104044K, committed 105024K, reserved 557056K
  class space    used 14433K, committed 14912K, reserved 425984K
}
Event: 4232.242 GC heap before
{Heap before GC invocations=58 (full 0):
 garbage-first heap   total 325632K, used 254616K [0x0000000080000000, 0x0000000100000000)
  region size 1024K, 103 young (105472K), 15 survivors (15360K)
 Metaspace       used 104441K, committed 105536K, reserved 557056K
  class space    used 14451K, committed 14976K, reserved 425984K
}
Event: 4232.278 GC heap after
{Heap after GC invocations=59 (full 0):
 garbage-first heap   total 325632K, used 179819K [0x0000000080000000, 0x0000000100000000)
  region size 1024K, 13 young (13312K), 13 survivors (13312K)
 Metaspace       used 104441K, committed 105536K, reserved 557056K
  class space    used 14451K, committed 14976K, reserved 425984K
}
Event: 4233.169 GC heap before
{Heap before GC invocations=59 (full 0):
 garbage-first heap   total 325632K, used 258667K [0x0000000080000000, 0x0000000100000000)
  region size 1024K, 91 young (93184K), 13 survivors (13312K)
 Metaspace       used 104965K, committed 106112K, reserved 557056K
  class space    used 14512K, committed 15040K, reserved 425984K
}
Event: 4233.195 GC heap after
{Heap after GC invocations=60 (full 0):
 garbage-first heap   total 325632K, used 188032K [0x0000000080000000, 0x0000000100000000)
  region size 1024K, 8 young (8192K), 8 survivors (8192K)
 Metaspace       used 104965K, committed 106112K, reserved 557056K
  class space    used 14512K, committed 15040K, reserved 425984K
}

